********************************************************************************
PACKAGE-LOG: 2016-01-15 13:20:39
NOTICE: Do NOT post to public sites or forums 
********************************************************************************
VERSION:	0.5.34
WORDPRESS:	4.2.4
PHP INFO:	5.4.45 | SAPI: cgi-fcgi
SERVER:		Apache Phusion_Passenger/4.0.10 mod_bwlimited/1.4 mod_fcgid/2.3.9 
PHP TIME LIMIT: (0) no time limit imposed 
PHP MAX MEMORY: 5000M (512M default) 
MEMORY STACK: 43.5MB 

********************************************************************************
DATABASE:
********************************************************************************
BUILD MODE:   PHP(query limit - 100)
MYSQLTIMEOUT: 5000
MYSQLDUMP:    Is Supported 
TABLES: total:68 | filtered:0 | create:68 
FILTERED: [] 
SQL CREATED: 20150810_travsis_5698f08ba74453422160115131347_database.sql 
file size:7768318 
SQL FILE SIZE: 7.41MB 
SQL FILE TIME: 2016-01-15 13:20:46 
SQL RUNTIME: 7.69 sec. 

******************************************************************************** 
ARCHIVE (ZIP): 
******************************************************************************** 
ARCHIVE DIR:  /home/travsllk/public_html 
ARCHIVE FILE: 20150810_travsis_5698f08ba74453422160115131347_archive.zip 
FILTERS: *ON* 
DIRS:  not set 
EXTS:  not set 
---------------------------------------- 
COMPRESSING 
SIZE:	694.86MB 
STATS:	Dirs 1,161 | Files 11,027 
SQL ADDED: 20150810_travsis_5698f08ba74453422160115131347_database.sql 
ZipArchive Object
(
    [status] => 0
    [statusSys] => 0
    [numFiles] => 12188
    [filename] => /home/travsllk/public_html/wp-snapshots/tmp/20150810_travsis_5698f08ba74453422160115131347_archive.zip
    [comment] => 
)
 
